-------------------------------------------------------------------------------
Test set: edu.coursera.parallel.ReciprocalArraySumTest
-------------------------------------------------------------------------------
Tests run: 4, Failures: 4, Errors: 0, Skipped: 0, Time elapsed: 70.332 sec <<< FAILURE! - in edu.coursera.parallel.ReciprocalArraySumTest
testParManyTaskTwoMillion(edu.coursera.parallel.ReciprocalArraySumTest)  Time elapsed: 0.395 sec  <<< FAILURE!
junit.framework.AssertionFailedError: It was expected that the many-task parallel implementation would run at least 2.400000x faster, but it only achieved 1.000000x speedup
	at junit.framework.Assert.fail(Assert.java:47)
	at junit.framework.Assert.assertTrue(Assert.java:20)
	at edu.coursera.parallel.ReciprocalArraySumTest.testParManyTaskTwoMillion(ReciprocalArraySumTest.java:143)

testParSimpleTwoMillion(edu.coursera.parallel.ReciprocalArraySumTest)  Time elapsed: 0.421 sec  <<< FAILURE!
junit.framework.AssertionFailedError: It was expected that the two-task parallel implementation would run at least 1.500000x faster, but it only achieved 0.666667x speedup
	at junit.framework.Assert.fail(Assert.java:47)
	at junit.framework.Assert.assertTrue(Assert.java:20)
	at edu.coursera.parallel.ReciprocalArraySumTest.testParSimpleTwoMillion(ReciprocalArraySumTest.java:120)

testParManyTaskTwoHundredMillion(edu.coursera.parallel.ReciprocalArraySumTest)  Time elapsed: 31.019 sec  <<< FAILURE!
junit.framework.AssertionFailedError: It was expected that the many-task parallel implementation would run at least 3.200000x faster, but it only achieved 1.902597x speedup
	at junit.framework.Assert.fail(Assert.java:47)
	at junit.framework.Assert.assertTrue(Assert.java:20)
	at edu.coursera.parallel.ReciprocalArraySumTest.testParManyTaskTwoHundredMillion(ReciprocalArraySumTest.java:155)

testParSimpleTwoHundredMillion(edu.coursera.parallel.ReciprocalArraySumTest)  Time elapsed: 38.475 sec  <<< FAILURE!
junit.framework.AssertionFailedError: It was expected that the two-task parallel implementation would run at least 1.500000x faster, but it only achieved 1.024221x speedup
	at junit.framework.Assert.fail(Assert.java:47)
	at junit.framework.Assert.assertTrue(Assert.java:20)
	at edu.coursera.parallel.ReciprocalArraySumTest.testParSimpleTwoHundredMillion(ReciprocalArraySumTest.java:131)

